<?xml version="1.0" encoding="UTF-8"?>
<testng-results ignored="0" total="1" passed="0" failed="1" skipped="0">
  <reporter-output>
  </reporter-output>
  <suite started-at="2025-03-06T15:07:11 IST" name="Default suite" finished-at="2025-03-06T15:08:09 IST" duration-ms="57766">
    <groups>
      <group name="cucumber">
        <method signature="AbstractTestNGCucumberTests.runScenario(io.cucumber.testng.PickleWrapper,io.cucumber.testng.FeatureWrapper)[pri:0, instance:TestRunner.TestRunner@65fb9ffc]" name="runScenario" class="io.cucumber.testng.AbstractTestNGCucumberTests"/>
      </group> <!-- cucumber -->
    </groups>
    <test started-at="2025-03-06T15:07:11 IST" name="Default test" finished-at="2025-03-06T15:08:09 IST" duration-ms="57766">
      <class name="TestRunner.TestRunner">
        <test-method is-config="true" signature="setUpClass(org.testng.ITestContext)[pri:0, instance:TestRunner.TestRunner@65fb9ffc]" started-at="2025-03-06T15:07:11 IST" name="setUpClass" finished-at="2025-03-06T15:07:12 IST" duration-ms="625" status="PASS">
          <params>
            <param index="0">
              <value>
                <![CDATA[org.testng.TestRunner@476e8796]]>
              </value>
            </param>
          </params>
          <reporter-output>
          </reporter-output>
        </test-method> <!-- setUpClass -->
        <test-method signature="runScenario(io.cucumber.testng.PickleWrapper,io.cucumber.testng.FeatureWrapper)[pri:0, instance:TestRunner.TestRunner@65fb9ffc]" started-at="2025-03-06T15:07:12 IST" name="runScenario" description="Runs Cucumber Scenarios" data-provider="scenarios" finished-at="2025-03-06T15:08:09 IST" duration-ms="57087" status="FAIL">
          <params>
            <param index="0">
              <value>
                <![CDATA["select all items and do check out with address"]]>
              </value>
            </param>
            <param index="1">
              <value>
                <![CDATA["End to End testing functionality"]]>
              </value>
            </param>
          </params>
          <exception class="java.lang.NullPointerException">
            <message>
              <![CDATA[Cannot invoke "org.openqa.selenium.SearchContext.findElement(org.openqa.selenium.By)" because "this.searchContext" is null]]>
            </message>
            <full-stacktrace>
              <![CDATA[java.lang.NullPointerException: Cannot invoke "org.openqa.selenium.SearchContext.findElement(org.openqa.selenium.By)" because "this.searchContext" is null
at org.openqa.selenium.support.pagefactory.DefaultElementLocator.findElement(DefaultElementLocator.java:68)
at org.openqa.selenium.support.pagefactory.internal.LocatingElementHandler.invoke(LocatingElementHandler.java:38)
at jdk.proxy2/jdk.proxy2.$Proxy24.click(Unknown Source)
at Objects.checkOutInfoPage.continue_btn(checkOutInfoPage.java:63)
at POMStepDefinitions.yourInfo_StepDefinitions.click_on_continue_button(yourInfo_StepDefinitions.java:60)
at ✽.click on continue button(file:///C:/Users/moham/OneDrive/Desktop/New%20folder/md%20shamshuddin/BDDFramework/src/test/resources/Features/checkoutOverview.feature:18)
]]>
            </full-stacktrace>
          </exception> <!-- java.lang.NullPointerException -->
          <reporter-output>
          </reporter-output>
        </test-method> <!-- runScenario -->
        <test-method is-config="true" signature="tearDownClass()[pri:0, instance:TestRunner.TestRunner@65fb9ffc]" started-at="2025-03-06T15:08:09 IST" name="tearDownClass" finished-at="2025-03-06T15:08:09 IST" duration-ms="17" status="PASS">
          <reporter-output>
          </reporter-output>
        </test-method> <!-- tearDownClass -->
      </class> <!-- TestRunner.TestRunner -->
    </test> <!-- Default test -->
  </suite> <!-- Default suite -->
</testng-results>
